<?xml version="1.0" encoding="UTF-8"?>
<!-- Generated by org.testng.reporters.JUnitReportReporter -->
<testsuite hostname="DESKTOP-K4LI6L0" failures="0" tests="1" name="utilitypackage.Utils" time="0.783" errors="0" timestamp="2020-11-29T14:35:59 IST" skipped="0">
  <testcase classname="utilitypackage.Utils" name="excelFileReader" time="0.783"/>
</testsuite> <!-- utilitypackage.Utils -->
